This is pdfTeX, Version 3.14159265-2.6-1.40.19 (TeX Live 2018/W32TeX) (preloaded format=pdflatex 2018.8.21)  10 OCT 2018 11:05
entering extended mode
 restricted \write18 enabled.
 %&-line parsing enabled.
**SCOT_2005_abund_animation
(./SCOT_2005_abund_animation
LaTeX2e <2018-04-01> patch level 5

(c:/Users/adsmith/AppData/Roaming/TinyTeX/texmf-dist/tex/latex/base/article.cls
Document Class: article 2014/09/29 v1.4h Standard LaTeX document class
(c:/Users/adsmith/AppData/Roaming/TinyTeX/texmf-dist/tex/latex/base/size10.clo
File: size10.clo 2014/09/29 v1.4h Standard LaTeX file (size option)
)
\c@part=\count80
\c@section=\count81
\c@subsection=\count82
\c@subsubsection=\count83
\c@paragraph=\count84
\c@subparagraph=\count85
\c@figure=\count86
\c@table=\count87
\abovecaptionskip=\skip41
\belowcaptionskip=\skip42
\bibindent=\dimen102
)
(c:/Users/adsmith/AppData/Roaming/TinyTeX/texmf-dist/tex/latex/geometry/geometr
y.sty
Package: geometry 2018/04/16 v5.8 Page Geometry

(c:/Users/adsmith/AppData/Roaming/TinyTeX/texmf-dist/tex/latex/graphics/keyval.
sty
Package: keyval 2014/10/28 v1.15 key=value parser (DPC)
\KV@toks@=\toks14
)
(c:/Users/adsmith/AppData/Roaming/TinyTeX/texmf-dist/tex/generic/oberdiek/ifpdf
.sty
Package: ifpdf 2017/03/15 v3.2 Provides the ifpdf switch
)
(c:/Users/adsmith/AppData/Roaming/TinyTeX/texmf-dist/tex/generic/oberdiek/ifvte
x.sty
Package: ifvtex 2016/05/16 v1.6 Detect VTeX and its facilities (HO)
Package ifvtex Info: VTeX not detected.
)
(c:/Users/adsmith/AppData/Roaming/TinyTeX/texmf-dist/tex/generic/ifxetex/ifxete
x.sty
Package: ifxetex 2010/09/12 v0.6 Provides ifxetex conditional
)
\Gm@cnth=\count88
\Gm@cntv=\count89
\c@Gm@tempcnt=\count90
\Gm@bindingoffset=\dimen103
\Gm@wd@mp=\dimen104
\Gm@odd@mp=\dimen105
\Gm@even@mp=\dimen106
\Gm@layoutwidth=\dimen107
\Gm@layoutheight=\dimen108
\Gm@layouthoffset=\dimen109
\Gm@layoutvoffset=\dimen110
\Gm@dimlist=\toks15
) (./animate.sty
Package: animate 2010/09/28 PDF animations from files and inline graphics

(c:/Users/adsmith/AppData/Roaming/TinyTeX/texmf-dist/tex/latex/base/ifthen.sty
Package: ifthen 2014/09/29 v1.1c Standard LaTeX ifthen package (DPC)
)
(c:/Users/adsmith/AppData/Roaming/TinyTeX/texmf-dist/tex/latex/oberdiek/ifdraft
.sty
Package: ifdraft 2016/05/16 v1.4 Detect class options draft and final (HO)
)
(c:/Users/adsmith/AppData/Roaming/TinyTeX/texmf-dist/tex/latex/tools/calc.sty
Package: calc 2017/05/25 v4.3 Infix arithmetic (KKT,FJ)
\calc@Acount=\count91
\calc@Bcount=\count92
\calc@Adimen=\dimen111
\calc@Bdimen=\dimen112
\calc@Askip=\skip43
\calc@Bskip=\skip44
LaTeX Info: Redefining \setlength on input line 80.
LaTeX Info: Redefining \addtolength on input line 81.
\calc@Ccount=\count93
\calc@Cskip=\skip45
)
(./animfp.sty
Package: animfp 2009/07/23 fixed point addition for animate.sty
\afp@xs=\count94
\afp@xia=\count95
\afp@xib=\count96
\afp@xfa=\count97
\afp@xfb=\count98
\afp@rega=\count99
\afp@regb=\count100
\afp@regs=\count101
)

Package animate Warning: Neither of the files `supp-pdf.mkii' and `supp-pdf.tex
',
(animate)                which are part of ConTeXt, could be found.
(animate)                Therefore, MetaPost generated PS files cannot
(animate)                be embedded using pdfTeX.

\@anim@@fields=\count102
\@anim@@ocgs=\count103
\@anim@@posterocgs=\count104
\@anim@box=\box26
\@anim@tmpdima=\dimen113
\@anim@tmpdimb=\dimen114
\@anim@num=\count105
\@anim@curframe=\count106
\@anim@curframe@zb=\count107
\@anim@resize=\count108
\@anim@skipfram=\count109
\@anim@mulframecnt=\count110
\@anim@@tmlnfile=\read1
\@anim@tmpcnt=\count111
\c@@anim@tmpcnt=\count112
\@anim@curlayer=\count113
\@anim@lineno=\count114
\@anim@begin=\toks16
\@anim@end=\toks17
) (./SCOT_2005_abund_animation.aux)
\openout1 = `SCOT_2005_abund_animation.aux'.

LaTeX Font Info:    Checking defaults for OML/cmm/m/it on input line 4.
LaTeX Font Info:    ... okay on input line 4.
LaTeX Font Info:    Checking defaults for T1/cmr/m/n on input line 4.
LaTeX Font Info:    ... okay on input line 4.
LaTeX Font Info:    Checking defaults for OT1/cmr/m/n on input line 4.
LaTeX Font Info:    ... okay on input line 4.
LaTeX Font Info:    Checking defaults for OMS/cmsy/m/n on input line 4.
LaTeX Font Info:    ... okay on input line 4.
LaTeX Font Info:    Checking defaults for OMX/cmex/m/n on input line 4.
LaTeX Font Info:    ... okay on input line 4.
LaTeX Font Info:    Checking defaults for U/cmr/m/n on input line 4.
LaTeX Font Info:    ... okay on input line 4.

*geometry* driver: auto-detecting
*geometry* detected driver: pdftex
*geometry* verbose mode - [ preamble ] result:
* driver: pdftex
* paper: <default>
* layout: <same size as paper>
* layoutoffset:(h,v)=(0.0pt,0.0pt)
* modes: landscape 
* h-part:(L,W,R)=(36.135pt, 722.7pt, 36.135pt)
* v-part:(T,H,B)=(36.135pt, 542.02501pt, 36.135pt)
* \paperwidth=794.96999pt
* \paperheight=614.295pt
* \textwidth=722.7pt
* \textheight=542.02501pt
* \oddsidemargin=-36.135pt
* \evensidemargin=-36.135pt
* \topmargin=-73.135pt
* \headheight=12.0pt
* \headsep=25.0pt
* \topskip=10.0pt
* \footskip=30.0pt
* \marginparwidth=65.0pt
* \marginparsep=11.0pt
* \columnsep=10.0pt
* \skip\footins=9.0pt plus 4.0pt minus 2.0pt
* \hoffset=0.0pt
* \voffset=0.0pt
* \mag=1000
* \@twocolumnfalse
* \@twosidefalse
* \@mparswitchfalse
* \@reversemarginfalse
* (1in=72.27pt=25.4mm, 1cm=28.453pt)

 <./abund_anim.pdf> <1> <./abund_anim.pdf> <2> <./abund_anim.pdf> <3> <./abund_
anim.pdf> <4> <./abund_anim.pdf> <5> <./abund_anim.pdf> <6> <./abund_anim.pdf>
<7> <./abund_anim.pdf> <8> <./abund_anim.pdf> <9> <./abund_anim.pdf> <10> <./ab
und_anim.pdf> <11> <./abund_anim.pdf> <12> <./abund_anim.pdf> <13> <./abund_ani
m.pdf> <14> <./abund_anim.pdf> <15> <./abund_anim.pdf> <16> <./abund_anim.pdf>
<17> <./abund_anim.pdf> <18> <./abund_anim.pdf> <19> <./abund_anim.pdf> <20> <.
/abund_anim.pdf> <21> <./abund_anim.pdf> <22>

LaTeX Warning: Float too large for page by 29.86295pt on input line 9.

[1{c:/Users/adsmith/AppData/Roaming/TinyTeX/texmf-var/fonts/map/pdftex/updmap/p
dftex.map}] (./SCOT_2005_abund_animation.aux) ) 
Here is how much of TeX's memory you used:
 1392 strings out of 494587
 21036 string characters out of 6176278
 96051 words of memory out of 5000000
 5074 multiletter control sequences out of 15000+600000
 3640 words of font info for 14 fonts, out of 8000000 for 9000
 14 hyphenation exceptions out of 8191
 25i,4n,32p,200b,225s stack positions out of 5000i,500n,10000p,200000b,80000s
<c:/Users/adsmith/AppData/Roamin
g/TinyTeX/texmf-dist/fonts/type1/public/amsfonts/cm/cmr10.pfb>
Output written on SCOT_2005_abund_animation.pdf (1 page, 1006174 bytes).
PDF statistics:
 181 PDF objects out of 1000 (max. 8388607)
 94 compressed objects within 1 object stream
 0 named destinations out of 1000 (max. 500000)
 464 words of extra memory for PDF output out of 10000 (max. 10000000)

